<?xml version="1.0" encoding="UTF-8"?>
<testng-results skipped="0" failed="0" ignored="0" total="1" passed="1">
  <reporter-output>
  </reporter-output>
  <suite name="Default suite" duration-ms="4989" started-at="2021-03-20T13:48:35Z" finished-at="2021-03-20T13:48:40Z">
    <groups>
    </groups>
    <test name="Default test" duration-ms="4989" started-at="2021-03-20T13:48:35Z" finished-at="2021-03-20T13:48:40Z">
      <class name="GeneralTest.Demo">
        <test-method status="PASS" signature="getMethod()[pri:0, instance:GeneralTest.Demo@6c0bfe10]" name="getMethod" duration-ms="4951" started-at="2021-03-20T13:48:35Z" finished-at="2021-03-20T13:48:40Z">
          <reporter-output>
          </reporter-output>
        </test-method> <!-- getMethod -->
      </class> <!-- GeneralTest.Demo -->
    </test> <!-- Default test -->
  </suite> <!-- Default suite -->
</testng-results>
